<?xml version="1.0" encoding="UTF-8"?>
<coverage generated="1645547627258" clover="3.2.0">
  <project timestamp="1645547627258" name="All files">
    <metrics statements="13" coveredstatements="10" conditionals="6" coveredconditionals="3" methods="2" coveredmethods="2" elements="21" coveredelements="15" complexity="0" loc="13" ncloc="13" packages="1" files="2" classes="2"/>
    <file name="test1.js" path="/home/nemwelb/Microverse/Module2/unitTestsPractice/mytests/test1.js">
      <metrics statements="8" coveredstatements="6" conditionals="4" coveredconditionals="2" methods="1" coveredmethods="1"/>
      <line num="1" count="1" type="stmt"/>
      <line num="2" count="4" type="stmt"/>
      <line num="4" count="4" type="cond" truecount="1" falsecount="1"/>
      <line num="5" count="0" type="stmt"/>
      <line num="6" count="4" type="cond" truecount="1" falsecount="1"/>
      <line num="7" count="0" type="stmt"/>
      <line num="9" count="4" type="stmt"/>
      <line num="13" count="1" type="stmt"/>
    </file>
    <file name="test2.js" path="/home/nemwelb/Microverse/Module2/unitTestsPractice/mytests/test2.js">
      <metrics statements="5" coveredstatements="4" conditionals="2" coveredconditionals="1" methods="1" coveredmethods="1"/>
      <line num="1" count="1" type="stmt"/>
      <line num="3" count="1" type="cond" truecount="1" falsecount="1"/>
      <line num="4" count="0" type="stmt"/>
      <line num="6" count="1" type="stmt"/>
      <line num="10" count="1" type="stmt"/>
    </file>
  </project>
</coverage>
