{"/home/nemwelb/Microverse/Module2/unitTestsPractice/sum.js": {"path":"/home/nemwelb/Microverse/Module2/unitTestsPractice/sum.js","statementMap":{"0":{"start":{"line":2,"column":2},"end":{"line":2,"column":15}},"1":{"start":{"line":6,"column":0},"end":{"line":6,"column":21}}},"fnMap":{"0":{"name":"sum","decl":{"start":{"line":1,"column":9},"end":{"line":1,"column":12}},"loc":{"start":{"line":1,"column":18},"end":{"line":3,"column":1}},"line":1}},"branchMap":{},"s":{"0":1,"1":1},"f":{"0":1},"b":{},"_coverageSchema":"1a1c01bbd47fc00a2c39e90264f33305004495a9","hash":"f8d8205afef058262ce267279771f44507ccf221"}
,"/home/nemwelb/Microverse/Module2/unitTestsPractice/mytests/test1.js": {"path":"/home/nemwelb/Microverse/Module2/unitTestsPractice/mytests/test1.js","statementMap":{"0":{"start":{"line":1,"column":21},"end":{"line":11,"column":1}},"1":{"start":{"line":2,"column":24},"end":{"line":2,"column":37}},"2":{"start":{"line":4,"column":2},"end":{"line":10,"column":3}},"3":{"start":{"line":5,"column":4},"end":{"line":5,"column":56}},"4":{"start":{"line":6,"column":9},"end":{"line":10,"column":3}},"5":{"start":{"line":7,"column":4},"end":{"line":7,"column":65}},"6":{"start":{"line":9,"column":4},"end":{"line":9,"column":26}},"7":{"start":{"line":13,"column":0},"end":{"line":13,"column":30}}},"fnMap":{"0":{"name":"(anonymous_0)","decl":{"start":{"line":1,"column":21},"end":{"line":1,"column":22}},"loc":{"start":{"line":1,"column":31},"end":{"line":11,"column":1}},"line":1}},"branchMap":{"0":{"loc":{"start":{"line":4,"column":2},"end":{"line":10,"column":3}},"type":"if","locations":[{"start":{"line":4,"column":2},"end":{"line":10,"column":3}},{"start":{"line":6,"column":9},"end":{"line":10,"column":3}}],"line":4},"1":{"loc":{"start":{"line":6,"column":9},"end":{"line":10,"column":3}},"type":"if","locations":[{"start":{"line":6,"column":9},"end":{"line":10,"column":3}},{"start":{"line":8,"column":9},"end":{"line":10,"column":3}}],"line":6}},"s":{"0":1,"1":4,"2":4,"3":0,"4":4,"5":0,"6":4,"7":1},"f":{"0":4},"b":{"0":[0,4],"1":[0,4]},"_coverageSchema":"1a1c01bbd47fc00a2c39e90264f33305004495a9","hash":"77b1e02768a7ec03b2d919e9895b9e643ed9dd59"}
}
